This is pdfTeX, Version 3.141592653-2.6-1.40.26 (TeX Live 2024) (preloaded format=pdflatex 2024.7.6)  13 JUL 2024 13:45
entering extended mode
 restricted \write18 enabled.
 file:line:error style messages enabled.
 %&-line parsing enabled.
**"/Users/alex/Desktop/Cybersecurity/Primo Anno/Criptography/cryptography_notes/root"
(/Users/alex/Desktop/Cybersecurity/Primo Anno/Criptography/cryptography_notes/root.tex
LaTeX2e <2024-06-01> patch level 2
L3 programming layer <2024-05-27>
(/usr/local/texlive/2024/texmf-dist/tex/latex/base/book.cls
Document Class: book 2024/02/08 v1.4n Standard LaTeX document class
(/usr/local/texlive/2024/texmf-dist/tex/latex/base/bk10.clo
File: bk10.clo 2024/02/08 v1.4n Standard LaTeX file (size option)
)
\c@part=\count194
\c@chapter=\count195
\c@section=\count196
\c@subsection=\count197
\c@subsubsection=\count198
\c@paragraph=\count199
\c@subparagraph=\count266
\c@figure=\count267
\c@table=\count268
\abovecaptionskip=\skip49
\belowcaptionskip=\skip50
\bibindent=\dimen141
) (/usr/local/texlive/2024/texmf-dist/tex/latex/graphics/graphicx.sty
Package: graphicx 2021/09/16 v1.2d Enhanced LaTeX Graphics (DPC,SPQR)
 (/usr/local/texlive/2024/texmf-dist/tex/latex/graphics/keyval.sty
Package: keyval 2022/05/29 v1.15 key=value parser (DPC)
\KV@toks@=\toks17
) (/usr/local/texlive/2024/texmf-dist/tex/latex/graphics/graphics.sty
Package: graphics 2024/05/23 v1.4g Standard LaTeX Graphics (DPC,SPQR)
 (/usr/local/texlive/2024/texmf-dist/tex/latex/graphics/trig.sty
Package: trig 2023/12/02 v1.11 sin cos tan (DPC)
) (/usr/local/texlive/2024/texmf-dist/tex/latex/graphics-cfg/graphics.cfg
File: graphics.cfg 2016/06/04 v1.11 sample graphics configuration
)
Package graphics Info: Driver file: pdftex.def on input line 106.
 (/usr/local/texlive/2024/texmf-dist/tex/latex/graphics-def/pdftex.def
File: pdftex.def 2024/04/13 v1.2c Graphics/color driver for pdftex
))
\Gin@req@height=\dimen142
\Gin@req@width=\dimen143
) (/usr/local/texlive/2024/texmf-dist/tex/latex/geometry/geometry.sty
Package: geometry 2020/01/02 v5.9 Page Geometry
 (/usr/local/texlive/2024/texmf-dist/tex/generic/iftex/ifvtex.sty
Package: ifvtex 2019/10/25 v1.7 ifvtex legacy package. Use iftex instead.
 (/usr/local/texlive/2024/texmf-dist/tex/generic/iftex/iftex.sty
Package: iftex 2022/02/03 v1.0f TeX engine tests
))
\Gm@cnth=\count269
\Gm@cntv=\count270
\c@Gm@tempcnt=\count271
\Gm@bindingoffset=\dimen144
\Gm@wd@mp=\dimen145
\Gm@odd@mp=\dimen146
\Gm@even@mp=\dimen147
\Gm@layoutwidth=\dimen148
\Gm@layoutheight=\dimen149
\Gm@layouthoffset=\dimen150
\Gm@layoutvoffset=\dimen151
\Gm@dimlist=\toks18
) (/usr/local/texlive/2024/texmf-dist/tex/generic/babel/babel.sty
Package: babel 2024/06/26 v24.7 The Babel package
\babel@savecnt=\count272
\U@D=\dimen152
\l@unhyphenated=\language89
 (/usr/local/texlive/2024/texmf-dist/tex/generic/babel/txtbabel.def)
\bbl@readstream=\read2
\bbl@dirlevel=\count273
 (/usr/local/texlive/2024/texmf-dist/tex/generic/babel-english/english.ldf
Language: english 2017/06/06 v3.3r English support from the babel system
Package babel Info: Hyphen rules for 'canadian' set to \l@english
(babel)             (\language0). Reported on input line 102.
Package babel Info: Hyphen rules for 'australian' set to \l@ukenglish
(babel)             (\language23). Reported on input line 105.
Package babel Info: Hyphen rules for 'newzealand' set to \l@ukenglish
(babel)             (\language23). Reported on input line 108.
)) (/usr/local/texlive/2024/texmf-dist/tex/generic/babel/locale/en/babel-english.tex
Package babel Info: Importing font and identification data for english
(babel)             from babel-en.ini. Reported on input line 11.
) (/usr/local/texlive/2024/texmf-dist/tex/latex/titlesec/titlesec.sty
Package: titlesec 2023/10/27 v2.16 Sectioning titles
\ttl@box=\box52
\beforetitleunit=\skip51
\aftertitleunit=\skip52
\ttl@plus=\dimen153
\ttl@minus=\dimen154
\ttl@toksa=\toks19
\titlewidth=\dimen155
\titlewidthlast=\dimen156
\titlewidthfirst=\dimen157
) (/usr/local/texlive/2024/texmf-dist/tex/latex/caption/subcaption.sty
Package: subcaption 2023/07/28 v1.6b Sub-captions (AR)
 (/usr/local/texlive/2024/texmf-dist/tex/latex/caption/caption.sty
Package: caption 2023/08/05 v3.6o Customizing captions (AR)
 (/usr/local/texlive/2024/texmf-dist/tex/latex/caption/caption3.sty
Package: caption3 2023/07/31 v2.4d caption3 kernel (AR)
\caption@tempdima=\dimen158
\captionmargin=\dimen159
\caption@leftmargin=\dimen160
\caption@rightmargin=\dimen161
\caption@width=\dimen162
\caption@indent=\dimen163
\caption@parindent=\dimen164
\caption@hangindent=\dimen165
Package caption Info: Standard document class detected.
)
\c@caption@flags=\count274
\c@continuedfloat=\count275
)
Package caption Info: New subtype `subfigure' on input line 238.
\c@subfigure=\count276
Package caption Info: New subtype `subtable' on input line 238.
\c@subtable=\count277
) (/usr/local/texlive/2024/texmf-dist/tex/latex/hyperref/hyperref.sty
Package: hyperref 2024-05-23 v7.01i Hypertext links for LaTeX
 (/usr/local/texlive/2024/texmf-dist/tex/latex/kvsetkeys/kvsetkeys.sty
Package: kvsetkeys 2022-10-05 v1.19 Key value parser (HO)
) (/usr/local/texlive/2024/texmf-dist/tex/generic/kvdefinekeys/kvdefinekeys.sty
Package: kvdefinekeys 2019-12-19 v1.6 Define keys (HO)
) (/usr/local/texlive/2024/texmf-dist/tex/generic/pdfescape/pdfescape.sty
Package: pdfescape 2019/12/09 v1.15 Implements pdfTeX's escape features (HO)
 (/usr/local/texlive/2024/texmf-dist/tex/generic/ltxcmds/ltxcmds.sty
Package: ltxcmds 2023-12-04 v1.26 LaTeX kernel commands for general use (HO)
) (/usr/local/texlive/2024/texmf-dist/tex/generic/pdftexcmds/pdftexcmds.sty
Package: pdftexcmds 2020-06-27 v0.33 Utility functions of pdfTeX for LuaTeX (HO)
 (/usr/local/texlive/2024/texmf-dist/tex/generic/infwarerr/infwarerr.sty
Package: infwarerr 2019/12/03 v1.5 Providing info/warning/error messages (HO)
)
Package pdftexcmds Info: \pdf@primitive is available.
Package pdftexcmds Info: \pdf@ifprimitive is available.
Package pdftexcmds Info: \pdfdraftmode found.
)) (/usr/local/texlive/2024/texmf-dist/tex/latex/hycolor/hycolor.sty
Package: hycolor 2020-01-27 v1.10 Color options for hyperref/bookmark (HO)
) (/usr/local/texlive/2024/texmf-dist/tex/latex/hyperref/nameref.sty
Package: nameref 2023-11-26 v2.56 Cross-referencing by name of section
 (/usr/local/texlive/2024/texmf-dist/tex/latex/refcount/refcount.sty
Package: refcount 2019/12/15 v3.6 Data extraction from label references (HO)
) (/usr/local/texlive/2024/texmf-dist/tex/generic/gettitlestring/gettitlestring.sty
Package: gettitlestring 2019/12/15 v1.6 Cleanup title references (HO)
 (/usr/local/texlive/2024/texmf-dist/tex/latex/kvoptions/kvoptions.sty
Package: kvoptions 2022-06-15 v3.15 Key value format for package options (HO)
))
\c@section@level=\count278
) (/usr/local/texlive/2024/texmf-dist/tex/latex/etoolbox/etoolbox.sty
Package: etoolbox 2020/10/05 v2.5k e-TeX tools for LaTeX (JAW)
\etb@tempcnta=\count279
) (/usr/local/texlive/2024/texmf-dist/tex/generic/stringenc/stringenc.sty
Package: stringenc 2019/11/29 v1.12 Convert strings between diff. encodings (HO)
)
\@linkdim=\dimen166
\Hy@linkcounter=\count280
\Hy@pagecounter=\count281
 (/usr/local/texlive/2024/texmf-dist/tex/latex/hyperref/pd1enc.def
File: pd1enc.def 2024-05-23 v7.01i Hyperref: PDFDocEncoding definition (HO)
Now handling font encoding PD1 ...
... no UTF-8 mapping file for font encoding PD1
) (/usr/local/texlive/2024/texmf-dist/tex/generic/intcalc/intcalc.sty
Package: intcalc 2019/12/15 v1.3 Expandable calculations with integers (HO)
)
\Hy@SavedSpaceFactor=\count282
 (/usr/local/texlive/2024/texmf-dist/tex/latex/hyperref/puenc.def
File: puenc.def 2024-05-23 v7.01i Hyperref: PDF Unicode definition (HO)
Now handling font encoding PU ...
... no UTF-8 mapping file for font encoding PU
)
Package hyperref Info: Hyper figures OFF on input line 4157.
Package hyperref Info: Link nesting OFF on input line 4162.
Package hyperref Info: Hyper index ON on input line 4165.
Package hyperref Info: Plain pages OFF on input line 4172.
Package hyperref Info: Backreferencing OFF on input line 4177.
Package hyperref Info: Implicit mode ON; LaTeX internals redefined.
Package hyperref Info: Bookmarks ON on input line 4424.
\c@Hy@tempcnt=\count283
 (/usr/local/texlive/2024/texmf-dist/tex/latex/url/url.sty
\Urlmuskip=\muskip17
Package: url 2013/09/16  ver 3.4  Verb mode for urls, etc.
)
LaTeX Info: Redefining \url on input line 4763.
\XeTeXLinkMargin=\dimen167
 (/usr/local/texlive/2024/texmf-dist/tex/generic/bitset/bitset.sty
Package: bitset 2019/12/09 v1.3 Handle bit-vector datatype (HO)
 (/usr/local/texlive/2024/texmf-dist/tex/generic/bigintcalc/bigintcalc.sty
Package: bigintcalc 2019/12/15 v1.5 Expandable calculations on big integers (HO)
))
\Fld@menulength=\count284
\Field@Width=\dimen168
\Fld@charsize=\dimen169
Package hyperref Info: Hyper figures OFF on input line 6042.
Package hyperref Info: Link nesting OFF on input line 6047.
Package hyperref Info: Hyper index ON on input line 6050.
Package hyperref Info: backreferencing OFF on input line 6057.
Package hyperref Info: Link coloring OFF on input line 6062.
Package hyperref Info: Link coloring with OCG OFF on input line 6067.
Package hyperref Info: PDF/A mode OFF on input line 6072.
 (/usr/local/texlive/2024/texmf-dist/tex/latex/base/atbegshi-ltx.sty
Package: atbegshi-ltx 2021/01/10 v1.0c Emulation of the original atbegshi
package with kernel methods
)
\Hy@abspage=\count285
\c@Item=\count286
\c@Hfootnote=\count287
)
Package hyperref Info: Driver (autodetected): hpdftex.
 (/usr/local/texlive/2024/texmf-dist/tex/latex/hyperref/hpdftex.def
File: hpdftex.def 2024-05-23 v7.01i Hyperref driver for pdfTeX
 (/usr/local/texlive/2024/texmf-dist/tex/latex/base/atveryend-ltx.sty
Package: atveryend-ltx 2020/08/19 v1.0a Emulation of the original atveryend package
with kernel methods
)
\Fld@listcount=\count288
\c@bookmark@seq@number=\count289
 (/usr/local/texlive/2024/texmf-dist/tex/latex/rerunfilecheck/rerunfilecheck.sty
Package: rerunfilecheck 2022-07-10 v1.10 Rerun checks for auxiliary files (HO)
 (/usr/local/texlive/2024/texmf-dist/tex/generic/uniquecounter/uniquecounter.sty
Package: uniquecounter 2019/12/15 v1.4 Provide unlimited unique counter (HO)
)
Package uniquecounter Info: New unique counter `rerunfilecheck' on input line 285.
)
\Hy@SectionHShift=\skip53
) (/usr/local/texlive/2024/texmf-dist/tex/latex/listings/listings.sty
\lst@mode=\count290
\lst@gtempboxa=\box53
\lst@token=\toks20
\lst@length=\count291
\lst@currlwidth=\dimen170
\lst@column=\count292
\lst@pos=\count293
\lst@lostspace=\dimen171
\lst@width=\dimen172
\lst@newlines=\count294
\lst@lineno=\count295
\lst@maxwidth=\dimen173
 (/usr/local/texlive/2024/texmf-dist/tex/latex/listings/lstpatch.sty
File: lstpatch.sty 2024/05/25 1.10b (Carsten Heinz)
) (/usr/local/texlive/2024/texmf-dist/tex/latex/listings/lstmisc.sty
File: lstmisc.sty 2024/05/25 1.10b (Carsten Heinz)
\c@lstnumber=\count296
\lst@skipnumbers=\count297
\lst@framebox=\box54
) (/usr/local/texlive/2024/texmf-dist/tex/latex/listings/listings.cfg
File: listings.cfg 2024/05/25 1.10b listings configuration
))
Package: listings 2024/05/25 1.10b (Carsten Heinz)
 (/usr/local/texlive/2024/texmf-dist/tex/latex/enumitem/enumitem.sty
Package: enumitem 2019/06/20 v3.9 Customized lists
\labelindent=\skip54
\enit@outerparindent=\dimen174
\enit@toks=\toks21
\enit@inbox=\box55
\enit@count@id=\count298
\enitdp@description=\count299
) (/usr/local/texlive/2024/texmf-dist/tex/latex/sectsty/sectsty.sty
Package: sectsty 2002/02/25 v2.0.2 Commands to change all sectional heading styles


LaTeX Warning: Command \underbar  has changed.
               Check if current package is valid.


LaTeX Warning: Command \underline  has changed.
               Check if current package is valid.

) (/usr/local/texlive/2024/texmf-dist/tex/latex/fancyhdr/fancyhdr.sty
Package: fancyhdr 2024/04/23 v4.2 Extensive control of page headers and footers
\f@nch@headwidth=\skip55
\f@nch@O@elh=\skip56
\f@nch@O@erh=\skip57
\f@nch@O@olh=\skip58
\f@nch@O@orh=\skip59
\f@nch@O@elf=\skip60
\f@nch@O@erf=\skip61
\f@nch@O@olf=\skip62
\f@nch@O@orf=\skip63
) (/usr/local/texlive/2024/texmf-dist/tex/latex/amsmath/amsmath.sty
Package: amsmath 2024/05/23 v2.17q AMS math features
\@mathmargin=\skip64

For additional information on amsmath, use the `?' option.
(/usr/local/texlive/2024/texmf-dist/tex/latex/amsmath/amstext.sty
Package: amstext 2021/08/26 v2.01 AMS text
 (/usr/local/texlive/2024/texmf-dist/tex/latex/amsmath/amsgen.sty
File: amsgen.sty 1999/11/30 v2.0 generic functions
\@emptytoks=\toks22
\ex@=\dimen175
)) (/usr/local/texlive/2024/texmf-dist/tex/latex/amsmath/amsbsy.sty
Package: amsbsy 1999/11/29 v1.2d Bold Symbols
\pmbraise@=\dimen176
) (/usr/local/texlive/2024/texmf-dist/tex/latex/amsmath/amsopn.sty
Package: amsopn 2022/04/08 v2.04 operator names
)
\inf@bad=\count300
LaTeX Info: Redefining \frac on input line 233.
\uproot@=\count301
\leftroot@=\count302
LaTeX Info: Redefining \overline on input line 398.
LaTeX Info: Redefining \colon on input line 409.
\classnum@=\count303
\DOTSCASE@=\count304
LaTeX Info: Redefining \ldots on input line 495.
LaTeX Info: Redefining \dots on input line 498.
LaTeX Info: Redefining \cdots on input line 619.
\Mathstrutbox@=\box56
\strutbox@=\box57
LaTeX Info: Redefining \big on input line 721.
LaTeX Info: Redefining \Big on input line 722.
LaTeX Info: Redefining \bigg on input line 723.
LaTeX Info: Redefining \Bigg on input line 724.
\big@size=\dimen177
LaTeX Font Info:    Redeclaring font encoding OML on input line 742.
LaTeX Font Info:    Redeclaring font encoding OMS on input line 743.
\macc@depth=\count305
LaTeX Info: Redefining \bmod on input line 904.
LaTeX Info: Redefining \pmod on input line 909.
LaTeX Info: Redefining \smash on input line 939.
LaTeX Info: Redefining \relbar on input line 969.
LaTeX Info: Redefining \Relbar on input line 970.
\c@MaxMatrixCols=\count306
\dotsspace@=\muskip18
\c@parentequation=\count307
\dspbrk@lvl=\count308
\tag@help=\toks23
\row@=\count309
\column@=\count310
\maxfields@=\count311
\andhelp@=\toks24
\eqnshift@=\dimen178
\alignsep@=\dimen179
\tagshift@=\dimen180
\tagwidth@=\dimen181
\totwidth@=\dimen182
\lineht@=\dimen183
\@envbody=\toks25
\multlinegap=\skip65
\multlinetaggap=\skip66
\mathdisplay@stack=\toks26
LaTeX Info: Redefining \[ on input line 2953.
LaTeX Info: Redefining \] on input line 2954.
) (/usr/local/texlive/2024/texmf-dist/tex/latex/mdwtools/footnote.sty
Package: footnote 1997/01/28 1.13 Save footnotes around boxes
\fn@notes=\box58
\fn@width=\dimen184
) (/usr/local/texlive/2024/texmf-dist/tex/latex/tex-gyre/tgadventor.sty
Package: tgadventor 2009/09/10 v1.2 TeX Gyre Adventor as default sans serif family
) (/usr/local/texlive/2024/texmf-dist/tex/latex/titling/titling.sty
Package: titling 2009/09/04 v2.1d maketitle typesetting
\thanksmarkwidth=\skip67
\thanksmargin=\skip68
\droptitle=\skip69
) (/usr/local/texlive/2024/texmf-dist/tex/latex/tcolorbox/tcolorbox.sty
Package: tcolorbox 2024/01/10 version 6.2.0 text color boxes
 (/usr/local/texlive/2024/texmf-dist/tex/latex/pgf/basiclayer/pgf.sty (/usr/local/texlive/2024/texmf-dist/tex/latex/pgf/utilities/pgfrcs.sty (/usr/local/texlive/2024/texmf-dist/tex/generic/pgf/utilities/pgfutil-common.tex
\pgfutil@everybye=\toks27
\pgfutil@tempdima=\dimen185
\pgfutil@tempdimb=\dimen186
) (/usr/local/texlive/2024/texmf-dist/tex/generic/pgf/utilities/pgfutil-latex.def
\pgfutil@abb=\box59
) (/usr/local/texlive/2024/texmf-dist/tex/generic/pgf/utilities/pgfrcs.code.tex (/usr/local/texlive/2024/texmf-dist/tex/generic/pgf/pgf.revision.tex)
Package: pgfrcs 2023-01-15 v3.1.10 (3.1.10)
))
Package: pgf 2023-01-15 v3.1.10 (3.1.10)
 (/usr/local/texlive/2024/texmf-dist/tex/latex/pgf/basiclayer/pgfcore.sty (/usr/local/texlive/2024/texmf-dist/tex/latex/pgf/systemlayer/pgfsys.sty (/usr/local/texlive/2024/texmf-dist/tex/generic/pgf/systemlayer/pgfsys.code.tex
Package: pgfsys 2023-01-15 v3.1.10 (3.1.10)
 (/usr/local/texlive/2024/texmf-dist/tex/generic/pgf/utilities/pgfkeys.code.tex
\pgfkeys@pathtoks=\toks28
\pgfkeys@temptoks=\toks29
 (/usr/local/texlive/2024/texmf-dist/tex/generic/pgf/utilities/pgfkeyslibraryfiltered.code.tex
\pgfkeys@tmptoks=\toks30
))
\pgf@x=\dimen187
\pgf@y=\dimen188
\pgf@xa=\dimen189
\pgf@ya=\dimen190
\pgf@xb=\dimen191
\pgf@yb=\dimen192
\pgf@xc=\dimen193
\pgf@yc=\dimen194
\pgf@xd=\dimen195
\pgf@yd=\dimen196
\w@pgf@writea=\write3
\r@pgf@reada=\read3
\c@pgf@counta=\count312
\c@pgf@countb=\count313
\c@pgf@countc=\count314
\c@pgf@countd=\count315
\t@pgf@toka=\toks31
\t@pgf@tokb=\toks32
\t@pgf@tokc=\toks33
\pgf@sys@id@count=\count316
 (/usr/local/texlive/2024/texmf-dist/tex/generic/pgf/systemlayer/pgf.cfg
File: pgf.cfg 2023-01-15 v3.1.10 (3.1.10)
)
Driver file for pgf: pgfsys-pdftex.def
 (/usr/local/texlive/2024/texmf-dist/tex/generic/pgf/systemlayer/pgfsys-pdftex.def
File: pgfsys-pdftex.def 2023-01-15 v3.1.10 (3.1.10)
 (/usr/local/texlive/2024/texmf-dist/tex/generic/pgf/systemlayer/pgfsys-common-pdf.def
File: pgfsys-common-pdf.def 2023-01-15 v3.1.10 (3.1.10)
))) (/usr/local/texlive/2024/texmf-dist/tex/generic/pgf/systemlayer/pgfsyssoftpath.code.tex
File: pgfsyssoftpath.code.tex 2023-01-15 v3.1.10 (3.1.10)
\pgfsyssoftpath@smallbuffer@items=\count317
\pgfsyssoftpath@bigbuffer@items=\count318
) (/usr/local/texlive/2024/texmf-dist/tex/generic/pgf/systemlayer/pgfsysprotocol.code.tex
File: pgfsysprotocol.code.tex 2023-01-15 v3.1.10 (3.1.10)
)) (/usr/local/texlive/2024/texmf-dist/tex/latex/xcolor/xcolor.sty
Package: xcolor 2023/11/15 v3.01 LaTeX color extensions (UK)
 (/usr/local/texlive/2024/texmf-dist/tex/latex/graphics-cfg/color.cfg
File: color.cfg 2016/01/02 v1.6 sample color configuration
)
Package xcolor Info: Driver file: pdftex.def on input line 274.
 (/usr/local/texlive/2024/texmf-dist/tex/latex/graphics/mathcolor.ltx)
Package xcolor Info: Model `cmy' substituted by `cmy0' on input line 1350.
Package xcolor Info: Model `hsb' substituted by `rgb' on input line 1354.
Package xcolor Info: Model `RGB' extended on input line 1366.
Package xcolor Info: Model `HTML' substituted by `rgb' on input line 1368.
Package xcolor Info: Model `Hsb' substituted by `hsb' on input line 1369.
Package xcolor Info: Model `tHsb' substituted by `hsb' on input line 1370.
Package xcolor Info: Model `HSB' substituted by `hsb' on input line 1371.
Package xcolor Info: Model `Gray' substituted by `gray' on input line 1372.
Package xcolor Info: Model `wave' substituted by `hsb' on input line 1373.
) (/usr/local/texlive/2024/texmf-dist/tex/generic/pgf/basiclayer/pgfcore.code.tex
Package: pgfcore 2023-01-15 v3.1.10 (3.1.10)
 (/usr/local/texlive/2024/texmf-dist/tex/generic/pgf/math/pgfmath.code.tex (/usr/local/texlive/2024/texmf-dist/tex/generic/pgf/math/pgfmathutil.code.tex) (/usr/local/texlive/2024/texmf-dist/tex/generic/pgf/math/pgfmathparser.code.tex
\pgfmath@dimen=\dimen197
\pgfmath@count=\count319
\pgfmath@box=\box60
\pgfmath@toks=\toks34
\pgfmath@stack@operand=\toks35
\pgfmath@stack@operation=\toks36
) (/usr/local/texlive/2024/texmf-dist/tex/generic/pgf/math/pgfmathfunctions.code.tex) (/usr/local/texlive/2024/texmf-dist/tex/generic/pgf/math/pgfmathfunctions.basic.code.tex) (/usr/local/texlive/2024/texmf-dist/tex/generic/pgf/math/pgfmathfunctions.trigonometric.code.tex) (/usr/local/texlive/2024/texmf-dist/tex/generic/pgf/math/pgfmathfunctions.random.code.tex) (/usr/local/texlive/2024/texmf-dist/tex/generic/pgf/math/pgfmathfunctions.comparison.code.tex) (/usr/local/texlive/2024/texmf-dist/tex/generic/pgf/math/pgfmathfunctions.base.code.tex) (/usr/local/texlive/2024/texmf-dist/tex/generic/pgf/math/pgfmathfunctions.round.code.tex) (/usr/local/texlive/2024/texmf-dist/tex/generic/pgf/math/pgfmathfunctions.misc.code.tex) (/usr/local/texlive/2024/texmf-dist/tex/generic/pgf/math/pgfmathfunctions.integerarithmetics.code.tex) (/usr/local/texlive/2024/texmf-dist/tex/generic/pgf/math/pgfmathcalc.code.tex) (/usr/local/texlive/2024/texmf-dist/tex/generic/pgf/math/pgfmathfloat.code.tex
\c@pgfmathroundto@lastzeros=\count320
)) (/usr/local/texlive/2024/texmf-dist/tex/generic/pgf/math/pgfint.code.tex) (/usr/local/texlive/2024/texmf-dist/tex/generic/pgf/basiclayer/pgfcorepoints.code.tex
File: pgfcorepoints.code.tex 2023-01-15 v3.1.10 (3.1.10)
\pgf@picminx=\dimen198
\pgf@picmaxx=\dimen199
\pgf@picminy=\dimen256
\pgf@picmaxy=\dimen257
\pgf@pathminx=\dimen258
\pgf@pathmaxx=\dimen259
\pgf@pathminy=\dimen260
\pgf@pathmaxy=\dimen261
\pgf@xx=\dimen262
\pgf@xy=\dimen263
\pgf@yx=\dimen264
\pgf@yy=\dimen265
\pgf@zx=\dimen266
\pgf@zy=\dimen267
) (/usr/local/texlive/2024/texmf-dist/tex/generic/pgf/basiclayer/pgfcorepathconstruct.code.tex
File: pgfcorepathconstruct.code.tex 2023-01-15 v3.1.10 (3.1.10)
\pgf@path@lastx=\dimen268
\pgf@path@lasty=\dimen269
) (/usr/local/texlive/2024/texmf-dist/tex/generic/pgf/basiclayer/pgfcorepathusage.code.tex
File: pgfcorepathusage.code.tex 2023-01-15 v3.1.10 (3.1.10)
\pgf@shorten@end@additional=\dimen270
\pgf@shorten@start@additional=\dimen271
) (/usr/local/texlive/2024/texmf-dist/tex/generic/pgf/basiclayer/pgfcorescopes.code.tex
File: pgfcorescopes.code.tex 2023-01-15 v3.1.10 (3.1.10)
\pgfpic=\box61
\pgf@hbox=\box62
\pgf@layerbox@main=\box63
\pgf@picture@serial@count=\count321
) (/usr/local/texlive/2024/texmf-dist/tex/generic/pgf/basiclayer/pgfcoregraphicstate.code.tex
File: pgfcoregraphicstate.code.tex 2023-01-15 v3.1.10 (3.1.10)
\pgflinewidth=\dimen272
) (/usr/local/texlive/2024/texmf-dist/tex/generic/pgf/basiclayer/pgfcoretransformations.code.tex
File: pgfcoretransformations.code.tex 2023-01-15 v3.1.10 (3.1.10)
\pgf@pt@x=\dimen273
\pgf@pt@y=\dimen274
\pgf@pt@temp=\dimen275
) (/usr/local/texlive/2024/texmf-dist/tex/generic/pgf/basiclayer/pgfcorequick.code.tex
File: pgfcorequick.code.tex 2023-01-15 v3.1.10 (3.1.10)
) (/usr/local/texlive/2024/texmf-dist/tex/generic/pgf/basiclayer/pgfcoreobjects.code.tex
File: pgfcoreobjects.code.tex 2023-01-15 v3.1.10 (3.1.10)
) (/usr/local/texlive/2024/texmf-dist/tex/generic/pgf/basiclayer/pgfcorepathprocessing.code.tex
File: pgfcorepathprocessing.code.tex 2023-01-15 v3.1.10 (3.1.10)
) (/usr/local/texlive/2024/texmf-dist/tex/generic/pgf/basiclayer/pgfcorearrows.code.tex
File: pgfcorearrows.code.tex 2023-01-15 v3.1.10 (3.1.10)
\pgfarrowsep=\dimen276
) (/usr/local/texlive/2024/texmf-dist/tex/generic/pgf/basiclayer/pgfcoreshade.code.tex
File: pgfcoreshade.code.tex 2023-01-15 v3.1.10 (3.1.10)
\pgf@max=\dimen277
\pgf@sys@shading@range@num=\count322
\pgf@shadingcount=\count323
) (/usr/local/texlive/2024/texmf-dist/tex/generic/pgf/basiclayer/pgfcoreimage.code.tex
File: pgfcoreimage.code.tex 2023-01-15 v3.1.10 (3.1.10)
) (/usr/local/texlive/2024/texmf-dist/tex/generic/pgf/basiclayer/pgfcoreexternal.code.tex
File: pgfcoreexternal.code.tex 2023-01-15 v3.1.10 (3.1.10)
\pgfexternal@startupbox=\box64
) (/usr/local/texlive/2024/texmf-dist/tex/generic/pgf/basiclayer/pgfcorelayers.code.tex
File: pgfcorelayers.code.tex 2023-01-15 v3.1.10 (3.1.10)
) (/usr/local/texlive/2024/texmf-dist/tex/generic/pgf/basiclayer/pgfcoretransparency.code.tex
File: pgfcoretransparency.code.tex 2023-01-15 v3.1.10 (3.1.10)
) (/usr/local/texlive/2024/texmf-dist/tex/generic/pgf/basiclayer/pgfcorepatterns.code.tex
File: pgfcorepatterns.code.tex 2023-01-15 v3.1.10 (3.1.10)
) (/usr/local/texlive/2024/texmf-dist/tex/generic/pgf/basiclayer/pgfcorerdf.code.tex
File: pgfcorerdf.code.tex 2023-01-15 v3.1.10 (3.1.10)
))) (/usr/local/texlive/2024/texmf-dist/tex/generic/pgf/modules/pgfmoduleshapes.code.tex
File: pgfmoduleshapes.code.tex 2023-01-15 v3.1.10 (3.1.10)
\pgfnodeparttextbox=\box65
) (/usr/local/texlive/2024/texmf-dist/tex/generic/pgf/modules/pgfmoduleplot.code.tex
File: pgfmoduleplot.code.tex 2023-01-15 v3.1.10 (3.1.10)
) (/usr/local/texlive/2024/texmf-dist/tex/latex/pgf/compatibility/pgfcomp-version-0-65.sty
Package: pgfcomp-version-0-65 2023-01-15 v3.1.10 (3.1.10)
\pgf@nodesepstart=\dimen278
\pgf@nodesepend=\dimen279
) (/usr/local/texlive/2024/texmf-dist/tex/latex/pgf/compatibility/pgfcomp-version-1-18.sty
Package: pgfcomp-version-1-18 2023-01-15 v3.1.10 (3.1.10)
)) (/usr/local/texlive/2024/texmf-dist/tex/latex/tools/verbatim.sty
Package: verbatim 2024-01-22 v1.5x LaTeX2e package for verbatim enhancements
\every@verbatim=\toks37
\verbatim@line=\toks38
\verbatim@in@stream=\read4
) (/usr/local/texlive/2024/texmf-dist/tex/latex/environ/environ.sty
Package: environ 2014/05/04 v0.3 A new way to define environments
 (/usr/local/texlive/2024/texmf-dist/tex/latex/trimspaces/trimspaces.sty
Package: trimspaces 2009/09/17 v1.1 Trim spaces around a token list
))
\tcb@titlebox=\box66
\tcb@upperbox=\box67
\tcb@lowerbox=\box68
\tcb@phantombox=\box69
\c@tcbbreakpart=\count324
\c@tcblayer=\count325
\c@tcolorbox@number=\count326
\l__tcobox_tmpa_box=\box70
\l__tcobox_tmpa_dim=\dimen280
\tcb@temp=\box71
\tcb@temp=\box72
\tcb@temp=\box73
\tcb@temp=\box74
) (/usr/local/texlive/2024/texmf-dist/tex/latex/multirow/multirow.sty
Package: multirow 2021/03/15 v2.8 Span multiple rows of a table
\multirow@colwidth=\skip70
\multirow@cntb=\count327
\multirow@dima=\skip71
\bigstrutjot=\dimen281
) (/usr/local/texlive/2024/texmf-dist/tex/latex/booktabs/booktabs.sty
Package: booktabs 2020/01/12 v1.61803398 Publication quality tables
\heavyrulewidth=\dimen282
\lightrulewidth=\dimen283
\cmidrulewidth=\dimen284
\belowrulesep=\dimen285
\belowbottomsep=\dimen286
\aboverulesep=\dimen287
\abovetopsep=\dimen288
\cmidrulesep=\dimen289
\cmidrulekern=\dimen290
\defaultaddspace=\dimen291
\@cmidla=\count328
\@cmidlb=\count329
\@aboverulesep=\dimen292
\@belowrulesep=\dimen293
\@thisruleclass=\count330
\@lastruleclass=\count331
\@thisrulewidth=\dimen294
) (/usr/local/texlive/2024/texmf-dist/tex/latex/makecell/makecell.sty
Package: makecell 2009/08/03 V0.1e Managing of Tab Column Heads and Cells
 (/usr/local/texlive/2024/texmf-dist/tex/latex/tools/array.sty
Package: array 2024/06/14 v2.6d Tabular extension package (FMi)
\col@sep=\dimen295
\ar@mcellbox=\box75
\extrarowheight=\dimen296
\NC@list=\toks39
\extratabsurround=\skip72
\backup@length=\skip73
\ar@cellbox=\box76
)
\rotheadsize=\dimen297
\c@nlinenum=\count332
\TeXr@lab=\toks40
) (/usr/local/texlive/2024/texmf-dist/tex/latex/algorithmicx/algpseudocode.sty
Package: algpseudocode 
 (/usr/local/texlive/2024/texmf-dist/tex/latex/base/ifthen.sty
Package: ifthen 2024/03/16 v1.1e Standard LaTeX ifthen package (DPC)
) (/usr/local/texlive/2024/texmf-dist/tex/latex/algorithmicx/algorithmicx.sty
Package: algorithmicx 2005/04/27 v1.2 Algorithmicx

Document Style algorithmicx 1.2 - a greatly improved `algorithmic' style
\c@ALG@line=\count333
\c@ALG@rem=\count334
\c@ALG@nested=\count335
\ALG@tlm=\skip74
\ALG@thistlm=\skip75
\c@ALG@Lnr=\count336
\c@ALG@blocknr=\count337
\c@ALG@storecount=\count338
\c@ALG@tmpcounter=\count339
\ALG@tmplength=\skip76
)
Document Style - pseudocode environments for use with the `algorithmicx' style
) (/usr/local/texlive/2024/texmf-dist/tex/latex/algorithms/algorithm.sty
Package: algorithm 2009/08/24 v0.1 Document Style `algorithm' - floating environment
 (/usr/local/texlive/2024/texmf-dist/tex/latex/float/float.sty
Package: float 2001/11/08 v1.3d Float enhancements (AL)
\c@float@type=\count340
\float@exts=\toks41
\float@box=\box77
\@float@everytoks=\toks42
\@floatcapt=\box78
)
\@float@every@algorithm=\toks43
\c@algorithm=\count341
) (/usr/local/texlive/2024/texmf-dist/tex/latex/mathtools/mathtools.sty
Package: mathtools 2024/03/11 v1.30 mathematical typesetting tools
 (/usr/local/texlive/2024/texmf-dist/tex/latex/tools/calc.sty
Package: calc 2023/07/08 v4.3 Infix arithmetic (KKT,FJ)
\calc@Acount=\count342
\calc@Bcount=\count343
\calc@Adimen=\dimen298
\calc@Bdimen=\dimen299
\calc@Askip=\skip77
\calc@Bskip=\skip78
LaTeX Info: Redefining \setlength on input line 80.
LaTeX Info: Redefining \addtolength on input line 81.
\calc@Ccount=\count344
\calc@Cskip=\skip79
) (/usr/local/texlive/2024/texmf-dist/tex/latex/mathtools/mhsetup.sty
Package: mhsetup 2021/03/18 v1.4 programming setup (MH)
)
\g_MT_multlinerow_int=\count345
\l_MT_multwidth_dim=\dimen300
\origjot=\skip80
\l_MT_shortvdotswithinadjustabove_dim=\dimen301
\l_MT_shortvdotswithinadjustbelow_dim=\dimen302
\l_MT_above_intertext_sep=\dimen303
\l_MT_below_intertext_sep=\dimen304
\l_MT_above_shortintertext_sep=\dimen305
\l_MT_below_shortintertext_sep=\dimen306
\xmathstrut@box=\box79
\xmathstrut@dim=\dimen307
) (/usr/local/texlive/2024/texmf-dist/tex/latex/amsfonts/amsfonts.sty
Package: amsfonts 2013/01/14 v3.01 Basic AMSFonts support
\symAMSa=\mathgroup4
\symAMSb=\mathgroup5
LaTeX Font Info:    Redeclaring math symbol \hbar on input line 98.
LaTeX Font Info:    Overwriting math alphabet `\mathfrak' in version `bold'
(Font)                  U/euf/m/n --> U/euf/b/n on input line 106.
) (/usr/local/texlive/2024/texmf-dist/tex/latex/mdframed/mdframed.sty
Package: mdframed 2013/07/01 1.9b: mdframed
 (/usr/local/texlive/2024/texmf-dist/tex/latex/l3packages/xparse/xparse.sty (/usr/local/texlive/2024/texmf-dist/tex/latex/l3kernel/expl3.sty
Package: expl3 2024-05-27 L3 programming layer (loader) 
 (/usr/local/texlive/2024/texmf-dist/tex/latex/l3backend/l3backend-pdftex.def
File: l3backend-pdftex.def 2024-05-08 L3 backend support: PDF output (pdfTeX)
\l__color_backend_stack_int=\count346
\l__pdf_internal_box=\box80
))
Package: xparse 2024-05-08 L3 Experimental document command parser
) (/usr/local/texlive/2024/texmf-dist/tex/latex/zref/zref-abspage.sty
Package: zref-abspage 2023-09-14 v2.35 Module abspage for zref (HO)
 (/usr/local/texlive/2024/texmf-dist/tex/latex/zref/zref-base.sty
Package: zref-base 2023-09-14 v2.35 Module base for zref (HO)
 (/usr/local/texlive/2024/texmf-dist/tex/generic/etexcmds/etexcmds.sty
Package: etexcmds 2019/12/15 v1.7 Avoid name clashes with e-TeX commands (HO)
) (/usr/local/texlive/2024/texmf-dist/tex/latex/auxhook/auxhook.sty
Package: auxhook 2019-12-17 v1.6 Hooks for auxiliary files (HO)
)
Package zref Info: New property list: main on input line 767.
Package zref Info: New property: default on input line 768.
Package zref Info: New property: page on input line 769.
)
\c@abspage=\count347
Package zref Info: New property: abspage on input line 67.
) (/usr/local/texlive/2024/texmf-dist/tex/latex/needspace/needspace.sty
Package: needspace 2010/09/12 v1.3d reserve vertical space
)
\mdf@templength=\skip81
\c@mdf@globalstyle@cnt=\count348
\mdf@skipabove@length=\skip82
\mdf@skipbelow@length=\skip83
\mdf@leftmargin@length=\skip84
\mdf@rightmargin@length=\skip85
\mdf@innerleftmargin@length=\skip86
\mdf@innerrightmargin@length=\skip87
\mdf@innertopmargin@length=\skip88
\mdf@innerbottommargin@length=\skip89
\mdf@splittopskip@length=\skip90
\mdf@splitbottomskip@length=\skip91
\mdf@outermargin@length=\skip92
\mdf@innermargin@length=\skip93
\mdf@linewidth@length=\skip94
\mdf@innerlinewidth@length=\skip95
\mdf@middlelinewidth@length=\skip96
\mdf@outerlinewidth@length=\skip97
\mdf@roundcorner@length=\skip98
\mdf@footenotedistance@length=\skip99
\mdf@userdefinedwidth@length=\skip100
\mdf@needspace@length=\skip101
\mdf@frametitleaboveskip@length=\skip102
\mdf@frametitlebelowskip@length=\skip103
\mdf@frametitlerulewidth@length=\skip104
\mdf@frametitleleftmargin@length=\skip105
\mdf@frametitlerightmargin@length=\skip106
\mdf@shadowsize@length=\skip107
\mdf@extratopheight@length=\skip108
\mdf@subtitleabovelinewidth@length=\skip109
\mdf@subtitlebelowlinewidth@length=\skip110
\mdf@subtitleaboveskip@length=\skip111
\mdf@subtitlebelowskip@length=\skip112
\mdf@subtitleinneraboveskip@length=\skip113
\mdf@subtitleinnerbelowskip@length=\skip114
\mdf@subsubtitleabovelinewidth@length=\skip115
\mdf@subsubtitlebelowlinewidth@length=\skip116
\mdf@subsubtitleaboveskip@length=\skip117
\mdf@subsubtitlebelowskip@length=\skip118
\mdf@subsubtitleinneraboveskip@length=\skip119
\mdf@subsubtitleinnerbelowskip@length=\skip120
 (/usr/local/texlive/2024/texmf-dist/tex/latex/mdframed/md-frame-0.mdf
File: md-frame-0.mdf 2013/07/01\ 1.9b: md-frame-0
)
\mdf@frametitlebox=\box81
\mdf@footnotebox=\box82
\mdf@splitbox@one=\box83
\mdf@splitbox@two=\box84
\mdf@splitbox@save=\box85
\mdfsplitboxwidth=\skip121
\mdfsplitboxtotalwidth=\skip122
\mdfsplitboxheight=\skip123
\mdfsplitboxdepth=\skip124
\mdfsplitboxtotalheight=\skip125
\mdfframetitleboxwidth=\skip126
\mdfframetitleboxtotalwidth=\skip127
\mdfframetitleboxheight=\skip128
\mdfframetitleboxdepth=\skip129
\mdfframetitleboxtotalheight=\skip130
\mdffootnoteboxwidth=\skip131
\mdffootnoteboxtotalwidth=\skip132
\mdffootnoteboxheight=\skip133
\mdffootnoteboxdepth=\skip134
\mdffootnoteboxtotalheight=\skip135
\mdftotallinewidth=\skip136
\mdfboundingboxwidth=\skip137
\mdfboundingboxtotalwidth=\skip138
\mdfboundingboxheight=\skip139
\mdfboundingboxdepth=\skip140
\mdfboundingboxtotalheight=\skip141
\mdf@freevspace@length=\skip142
\mdf@horizontalwidthofbox@length=\skip143
\mdf@verticalmarginwhole@length=\skip144
\mdf@horizontalspaceofbox=\skip145
\mdfsubtitleheight=\skip146
\mdfsubsubtitleheight=\skip147
\c@mdfcountframes=\count349

****** mdframed patching \endmdf@trivlist

****** -- success******

\mdf@envdepth=\count350
\c@mdf@env@i=\count351
\c@mdf@env@ii=\count352
\c@mdf@zref@counter=\count353
Package zref Info: New property: mdf@pagevalue on input line 895.
) (/usr/local/texlive/2024/texmf-dist/tex/latex/amsfonts/amssymb.sty
Package: amssymb 2013/01/14 v3.01 AMS font symbols
) (/usr/local/texlive/2024/texmf-dist/tex/latex/tocloft/tocloft.sty
Package: tocloft 2017/08/31 v2.3i parameterised ToC, etc., typesetting
Package tocloft Info: The document has chapter divisions on input line 51.
\cftparskip=\skip148
\cftbeforetoctitleskip=\skip149
\cftaftertoctitleskip=\skip150
\cftbeforepartskip=\skip151
\cftpartnumwidth=\skip152
\cftpartindent=\skip153
\cftbeforechapskip=\skip154
\cftchapindent=\skip155
\cftchapnumwidth=\skip156
\cftbeforesecskip=\skip157
\cftsecindent=\skip158
\cftsecnumwidth=\skip159
\cftbeforesubsecskip=\skip160
\cftsubsecindent=\skip161
\cftsubsecnumwidth=\skip162
\cftbeforesubsubsecskip=\skip163
\cftsubsubsecindent=\skip164
\cftsubsubsecnumwidth=\skip165
\cftbeforeparaskip=\skip166
\cftparaindent=\skip167
\cftparanumwidth=\skip168
\cftbeforesubparaskip=\skip169
\cftsubparaindent=\skip170
\cftsubparanumwidth=\skip171
\cftbeforeloftitleskip=\skip172
\cftafterloftitleskip=\skip173
\cftbeforefigskip=\skip174
\cftfigindent=\skip175
\cftfignumwidth=\skip176
\c@lofdepth=\count354
\c@lotdepth=\count355
\cftbeforelottitleskip=\skip177
\cftafterlottitleskip=\skip178
\cftbeforetabskip=\skip179
\cfttabindent=\skip180
\cfttabnumwidth=\skip181
) (./setup.tex (/usr/local/texlive/2024/texmf-dist/tex/latex/amscls/amsthm.sty
Package: amsthm 2020/05/29 v2.20.6
\thm@style=\toks44
\thm@bodyfont=\toks45
\thm@headfont=\toks46
\thm@notefont=\toks47
\thm@headpunct=\toks48
\thm@preskip=\skip182
\thm@postskip=\skip183
\thm@headsep=\skip184
\dth@everypar=\toks49
) (/usr/local/texlive/2024/texmf-dist/tex/latex/thmtools/thmtools.sty
Package: thmtools 2023/05/04 v0.76
\thmt@toks=\toks50
\c@thmt@dummyctr=\count356
 (/usr/local/texlive/2024/texmf-dist/tex/latex/thmtools/thm-patch.sty
Package: thm-patch 2023/05/04 v0.76
 (/usr/local/texlive/2024/texmf-dist/tex/latex/thmtools/parseargs.sty
Package: parseargs 2023/05/04 v0.76
\@parsespec=\toks51
)) (/usr/local/texlive/2024/texmf-dist/tex/latex/thmtools/thm-kv.sty
Package: thm-kv 2023/05/04 v0.76
Package thm-kv Info: Theorem names will be uppercased on input line 42.
Package thm-kv Info: kvsetkeys patch (v1.16 or later) on input line 158.
) (/usr/local/texlive/2024/texmf-dist/tex/latex/thmtools/thm-autoref.sty
Package: thm-autoref 2023/05/04 v0.76
 (/usr/local/texlive/2024/texmf-dist/tex/latex/thmtools/aliasctr.sty
Package: aliasctr 2023/05/04 v0.76
)) (/usr/local/texlive/2024/texmf-dist/tex/latex/thmtools/thm-listof.sty
Package: thm-listof 2023/05/04 v0.76
) (/usr/local/texlive/2024/texmf-dist/tex/latex/thmtools/thm-restate.sty
Package: thm-restate 2023/05/04 v0.76
) (/usr/local/texlive/2024/texmf-dist/tex/latex/thmtools/thm-amsthm.sty
Package: thm-amsthm 2023/05/04 v0.76
\thmt@style@headstyle=\toks52
)) (/usr/local/texlive/2024/texmf-dist/tex/latex/acronym/acronym.sty
Package: acronym 2020/04/17 v1.47 Support for acronyms (Tobias Oetiker)
 (/usr/local/texlive/2024/texmf-dist/tex/latex/bigfoot/suffix.sty
Package: suffix 2006/07/15 1.5a Variant command support
) (/usr/local/texlive/2024/texmf-dist/tex/generic/xstring/xstring.sty (/usr/local/texlive/2024/texmf-dist/tex/generic/xstring/xstring.tex
\xs_counta=\count357
\xs_countb=\count358
)
Package: xstring 2023/08/22 v1.86 String manipulations (CT)
)
\AC@clearlist=\toks53
) (/usr/local/texlive/2024/texmf-dist/tex/latex/cleveref/cleveref.sty
Package: cleveref 2018/03/27 v0.21.4 Intelligent cross-referencing
Package cleveref Info: `hyperref' support loaded on input line 2370.
LaTeX Info: Redefining \cref on input line 2370.
LaTeX Info: Redefining \Cref on input line 2370.
LaTeX Info: Redefining \crefrange on input line 2370.
LaTeX Info: Redefining \Crefrange on input line 2370.
LaTeX Info: Redefining \cpageref on input line 2370.
LaTeX Info: Redefining \Cpageref on input line 2370.
LaTeX Info: Redefining \cpagerefrange on input line 2370.
LaTeX Info: Redefining \Cpagerefrange on input line 2370.
LaTeX Info: Redefining \labelcref on input line 2370.
LaTeX Info: Redefining \labelcpageref on input line 2370.
Package cleveref Info: `amsthm' support loaded on input line 3026.
Package cleveref Info: `algorithmicx' support loaded on input line 3120.
Package cleveref Info: `listings' support loaded on input line 3131.
) (/usr/local/texlive/2024/texmf-dist/tex/latex/cancel/cancel.sty
Package: cancel 2013/04/12 v2.2 Cancel math terms
)
Package hyperref Info: Option `colorlinks' set `false' on input line 16.
\c@theorem=\count359
\c@lemma=\count360
\c@corollary=\count361
\c@fact=\count362
\c@claim=\count363
\c@observation=\count364
\c@proposition=\count365
\c@definition=\count366
\c@construction=\count367
) (./macro.tex) (./root.aux

LaTeX Warning: Label `acro:PPT@cref' multiply defined.


LaTeX Warning: Label `acro:PRG@cref' multiply defined.


LaTeX Warning: Label `acro:OTP@cref' multiply defined.


LaTeX Warning: Label `acro:PRF@cref' multiply defined.


LaTeX Warning: Label `acro:MAC@cref' multiply defined.


LaTeX Warning: Label `acro:OWF@cref' multiply defined.


LaTeX Warning: Label `acro:OWF@cref' multiply defined.


LaTeX Warning: Label `acro:PPT@cref' multiply defined.


LaTeX Warning: Label `acro:OWP@cref' multiply defined.


LaTeX Warning: Label `acro:PRG@cref' multiply defined.


LaTeX Warning: Label `acro:PRF@cref' multiply defined.


LaTeX Warning: Label `acro:GGM@cref' multiply defined.


LaTeX Warning: Label `acro:CFP@cref' multiply defined.


LaTeX Warning: Label `acro:CPA@cref' multiply defined.


LaTeX Warning: Label `acro:CCA@cref' multiply defined.


LaTeX Warning: Label `acro:PPT@cref' multiply defined.


LaTeX Warning: Label `acro:DDH@cref' multiply defined.


LaTeX Warning: Label `acro:DL@cref' multiply defined.


LaTeX Warning: Label `acro:RO@cref' multiply defined.


LaTeX Warning: Label `acro:CRH@cref' multiply defined.


LaTeX Warning: Label `acro:MAC@cref' multiply defined.


LaTeX Warning: Label `acro:UFCMA@cref' multiply defined.


LaTeX Warning: Label `acro:PPT@cref' multiply defined.


LaTeX Warning: Label `acro:RSA@cref' multiply defined.


LaTeX Warning: Label `acro:RO@cref' multiply defined.


LaTeX Warning: Label `acro:TDP@cref' multiply defined.


LaTeX Warning: Label `acro:OWF@cref' multiply defined.


LaTeX Warning: Label `acro:CDH@cref' multiply defined.


LaTeX Warning: Label `acro:DDH@cref' multiply defined.


LaTeX Warning: Label `acro:RV@cref' multiply defined.


LaTeX Warning: Label `acro:DL@cref' multiply defined.

)
\openout1 = `root.aux'.

LaTeX Font Info:    Checking defaults for OML/cmm/m/it on input line 90.
LaTeX Font Info:    ... okay on input line 90.
LaTeX Font Info:    Checking defaults for OMS/cmsy/m/n on input line 90.
LaTeX Font Info:    ... okay on input line 90.
LaTeX Font Info:    Checking defaults for OT1/cmr/m/n on input line 90.
LaTeX Font Info:    ... okay on input line 90.
LaTeX Font Info:    Checking defaults for T1/cmr/m/n on input line 90.
LaTeX Font Info:    ... okay on input line 90.
LaTeX Font Info:    Checking defaults for TS1/cmr/m/n on input line 90.
LaTeX Font Info:    ... okay on input line 90.
LaTeX Font Info:    Checking defaults for OMX/cmex/m/n on input line 90.
LaTeX Font Info:    ... okay on input line 90.
LaTeX Font Info:    Checking defaults for U/cmr/m/n on input line 90.
LaTeX Font Info:    ... okay on input line 90.
LaTeX Font Info:    Checking defaults for PD1/pdf/m/n on input line 90.
LaTeX Font Info:    ... okay on input line 90.
LaTeX Font Info:    Checking defaults for PU/pdf/m/n on input line 90.
LaTeX Font Info:    ... okay on input line 90.
 (/usr/local/texlive/2024/texmf-dist/tex/context/base/mkii/supp-pdf.mkii
[Loading MPS to PDF converter (version 2006.09.02).]
\scratchcounter=\count368
\scratchdimen=\dimen308
\scratchbox=\box86
\nofMPsegments=\count369
\nofMParguments=\count370
\everyMPshowfont=\toks54
\MPscratchCnt=\count371
\MPscratchDim=\dimen309
\MPnumerator=\count372
\makeMPintoPDFobject=\count373
\everyMPtoPDFconversion=\toks55
) (/usr/local/texlive/2024/texmf-dist/tex/latex/epstopdf-pkg/epstopdf-base.sty
Package: epstopdf-base 2020-01-24 v2.11 Base part for package epstopdf
Package epstopdf-base Info: Redefining graphics rule for `.eps' on input line 485.
 (/usr/local/texlive/2024/texmf-dist/tex/latex/latexconfig/epstopdf-sys.cfg
File: epstopdf-sys.cfg 2010/07/13 v1.3 Configuration of (r)epstopdf for TeX Live
))
*geometry* driver: auto-detecting
*geometry* detected driver: pdftex
*geometry* verbose mode - [ preamble ] result:
* driver: pdftex
* paper: a4paper
* layout: <same size as paper>
* layoutoffset:(h,v)=(0.0pt,0.0pt)
* modes: twoside 
* h-part:(L,W,R)=(56.9055pt, 483.69687pt, 56.9055pt)
* v-part:(T,H,B)=(71.13188pt, 717.00946pt, 56.9055pt)
* \paperwidth=597.50787pt
* \paperheight=845.04684pt
* \textwidth=483.69687pt
* \textheight=717.00946pt
* \oddsidemargin=-15.36449pt
* \evensidemargin=-15.36449pt
* \topmargin=-31.2056pt
* \headheight=12.0pt
* \headsep=18.06749pt
* \topskip=10.0pt
* \footskip=25.29494pt
* \marginparwidth=125.0pt
* \marginparsep=7.0pt
* \columnsep=10.0pt
* \skip\footins=9.0pt plus 4.0pt minus 2.0pt
* \hoffset=0.0pt
* \voffset=0.0pt
* \mag=1000
* \@twocolumnfalse
* \@twosidetrue
* \@mparswitchtrue
* \@reversemarginfalse
* (1in=72.27pt=25.4mm, 1cm=28.453pt)

Package caption Info: Begin \AtBeginDocument code.
Package caption Info: float package is loaded.
Package caption Info: hyperref package is loaded.
Package caption Info: listings package is loaded.
Package caption Info: End \AtBeginDocument code.
Package hyperref Info: Link coloring OFF on input line 90.
(./root.out) (./root.out)
\@outlinefile=\write4
\openout4 = `root.out'.

\c@lstlisting=\count374
<drawings/logo_sapienza_new.png, id=139, 2569.6pt x 769.87625pt>
File: drawings/logo_sapienza_new.png Graphic file (type png)
<use drawings/logo_sapienza_new.png>
Package pdftex.def Info: drawings/logo_sapienza_new.png  used on input line 109.
(pdftex.def)             Requested size: 338.58632pt x 101.43837pt.
LaTeX Font Info:    Trying to load font information for U+msa on input line 119.
 (/usr/local/texlive/2024/texmf-dist/tex/latex/amsfonts/umsa.fd
File: umsa.fd 2013/01/14 v3.01 AMS symbols A
)
LaTeX Font Info:    Trying to load font information for U+msb on input line 119.
 (/usr/local/texlive/2024/texmf-dist/tex/latex/amsfonts/umsb.fd
File: umsb.fd 2013/01/14 v3.01 AMS symbols B
)

[1


{/usr/local/texlive/2024/texmf-var/fonts/map/pdftex/updmap/pdftex.map} <./drawings/logo_sapienza_new.png>] (./root.toc
Package acronym Info: Label `acro:PRF' newly defined as it shall be overridden
although it is yet undefined on input line 28.
)
\tf@toc=\write5
\openout5 = `root.toc'.

 (./content.tex (./introduction.tex

[2]
Chapter 1.
LaTeX Font Info:    Trying to load font information for OT1+qag on input line 1.
(/usr/local/texlive/2024/texmf-dist/tex/latex/tex-gyre/ot1qag.fd
File: ot1qag.fd 2009/09/25 v1.2 font definition file for OT1/qag
)

LaTeX Warning: File `drawings/symmetric-encryption.eps' not found on input line 13.

Package epstopdf Info: Source file: <drawings/symmetric-encryption.eps>
(epstopdf)             Output file: <drawings/symmetric-encryption-eps-converted-to.pdf>
(epstopdf)                    date: 2024-07-06 16:28:11
(epstopdf)                    size: 8566 bytes
(epstopdf)             Command: <repstopdf --outfile=drawings/symmetric-encryption-eps-converted-to.pdf drawings/symmetric-encryption.eps>
(epstopdf)             \includegraphics on input line 13.
Package epstopdf Info: Output file is already uptodate.
<drawings/symmetric-encryption-eps-converted-to.pdf, id=200, 469.755pt x 108.405pt>
File: drawings/symmetric-encryption-eps-converted-to.pdf Graphic file (type pdf)
<use drawings/symmetric-encryption-eps-converted-to.pdf>
Package pdftex.def Info: drawings/symmetric-encryption-eps-converted-to.pdf  used on input line 13.
(pdftex.def)             Requested size: 386.95897pt x 89.29793pt.


[3

{/usr/local/texlive/2024/texmf-dist/fonts/enc/dvips/tex-gyre/q-rm.enc} <./drawings/symmetric-encryption-eps-converted-to.pdf>]
Package hyperref Info: bookmark level for unknown definition defaults to 0 on input line 37.
Package acronym Info: Label `acro:RV' newly defined as it shall be overridden
although it is yet undefined on input line 38.
Package hyperref Info: bookmark level for unknown theorem defaults to 0 on input line 48.


[4]
Package acronym Info: Label `acro:OTP' newly defined as it shall be overridden
although it is yet undefined on input line 168.
Package hyperref Info: bookmark level for unknown construction defaults to 0 on input line 174.


[5]

[6{/usr/local/texlive/2024/texmf-dist/fonts/enc/dvips/cm-super/cm-super-ts1.enc}]

LaTeX Warning: File `drawings/symmetric-authentication.eps' not found on input line 253.

Package epstopdf Info: Source file: <drawings/symmetric-authentication.eps>
(epstopdf)             Output file: <drawings/symmetric-authentication-eps-converted-to.pdf>
(epstopdf)                    date: 2024-07-06 16:28:11
(epstopdf)                    size: 14387 bytes
(epstopdf)             Command: <repstopdf --outfile=drawings/symmetric-authentication-eps-converted-to.pdf drawings/symmetric-authentication.eps>
(epstopdf)             \includegraphics on input line 253.
Package epstopdf Info: Output file is already uptodate.
<drawings/symmetric-authentication-eps-converted-to.pdf, id=305, 469.755pt x 108.405pt>
File: drawings/symmetric-authentication-eps-converted-to.pdf Graphic file (type pdf)
<use drawings/symmetric-authentication-eps-converted-to.pdf>
Package pdftex.def Info: drawings/symmetric-authentication-eps-converted-to.pdf  used on input line 253.
(pdftex.def)             Requested size: 386.95897pt x 89.29793pt.
Package acronym Info: Label `acro:MAC' newly defined as it shall be overridden
although it is yet undefined on input line 258.


[7 <./drawings/symmetric-authentication-eps-converted-to.pdf>])

[8] (./computational-crypto.tex
Chapter 2.
Package acronym Info: Label `acro:PPT' newly defined as it shall be overridden
although it is yet undefined on input line 5.
Package acronym Info: Label `acro:OWF' newly defined as it shall be overridden
although it is yet undefined on input line 15.
Package acronym Info: Label `acro:PKC' newly defined as it shall be overridden
although it is yet undefined on input line 35.


[9

]
Package hyperref Info: bookmark level for unknown lemma defaults to 0 on input line 62.
Package acronym Info: Label `acro:PRG' newly defined as it shall be overridden
although it is yet undefined on input line 117.


LaTeX Warning: File `drawings/prg-any-stretch.eps' not found on input line 137.

Package epstopdf Info: Source file: <drawings/prg-any-stretch.eps>
(epstopdf)             Output file: <drawings/prg-any-stretch-eps-converted-to.pdf>
(epstopdf)                    date: 2024-07-06 16:28:11
(epstopdf)                    size: 12786 bytes
(epstopdf)             Command: <repstopdf --outfile=drawings/prg-any-stretch-eps-converted-to.pdf drawings/prg-any-stretch.eps>
(epstopdf)             \includegraphics on input line 137.
Package epstopdf Info: Output file is already uptodate.
<drawings/prg-any-stretch-eps-converted-to.pdf, id=387, 505.89pt x 108.405pt>
File: drawings/prg-any-stretch-eps-converted-to.pdf Graphic file (type pdf)
<use drawings/prg-any-stretch-eps-converted-to.pdf>
Package pdftex.def Info: drawings/prg-any-stretch-eps-converted-to.pdf  used on input line 137.
(pdftex.def)             Requested size: 386.95897pt x 82.92126pt.

Overfull \hbox (7.68694pt too wide) in paragraph at lines 146--147
\OMS/cmsy/m/n/10 f\OT1/cmr/m/n/10 0\OML/cmm/m/it/10 ; \OT1/cmr/m/n/10 1\OMS/cmsy/m/n/10 g[]$ \OT1/cmr/m/n/10 is our pro-posed con-struc-tion, and $\OMS/cmsy/m/n/10 H[]$ \OT1/cmr/m/n/10 takes $\OML/cmm/m/it/10 b[]; [] ; b[] \OMS/cmsy/m/n/10   [][]$\OT1/cmr/m/n/10 , $\OML/cmm/m/it/10 s[] \OMS/cmsy/m/n/10   [][]$\OT1/cmr/m/n/10 , and out-puts $(\OML/cmm/m/it/10 b[]; [] ; b[]; s[]\OT1/cmr/m/n/10 )$,
 []



[10]
Package acronym Info: Label `acro:HCP' newly defined as it shall be overridden
although it is yet undefined on input line 202.
Package acronym Info: Label `acro:GL' newly defined as it shall be overridden
although it is yet undefined on input line 209.
Package acronym Info: Label `acro:OWP' newly defined as it shall be overridden
although it is yet undefined on input line 219.
Package hyperref Info: bookmark level for unknown corollary defaults to 0 on input line 222.


[11 <./drawings/prg-any-stretch-eps-converted-to.pdf>]
Overfull \hbox (24.85905pt too wide) in paragraph at lines 246--249
[]\OT1/cmr/m/n/10 Assume in-stead $\OML/cmm/m/it/10 f$ \OT1/cmr/m/n/10 is a [][], and that is 1-to-1 (in-jec-tive). Con-sider $\OMS/cmsy/m/n/10 X \OT1/cmr/m/n/10 = \OML/cmm/m/it/10 g[]\OT1/cmr/m/n/10 ([]) = (\OML/cmm/m/it/10 g\OT1/cmr/m/n/10 (\OML/cmm/m/it/10 x[]\OT1/cmr/m/n/10 )\OML/cmm/m/it/10 ; h\OT1/cmr/m/n/10 (\OML/cmm/m/it/10 x[]\OT1/cmr/m/n/10 )\OML/cmm/m/it/10 ; [] ; g\OT1/cmr/m/n/10 (\OML/cmm/m/it/10 x[]\OT1/cmr/m/n/10 )\OML/cmm/m/it/10 ; h\OT1/cmr/m/n/10 (\OML/cmm/m/it/10 x[]\OT1/cmr/m/n/10 ))$,
 []

Package hyperref Info: bookmark level for unknown fact defaults to 0 on input line 251.
)

[12] (./ske.tex
Chapter 3.
Package acronym Info: Label `acro:SKE' newly defined as it shall be overridden
although it is yet undefined on input line 5.
Package acronym Info: Label `acro:PPT' overridden on input line 16.

LaTeX Warning: Command \c invalid in math mode on input line 29.

Package acronym Info: Label `acro:PRG' overridden on input line 36.
Package acronym Info: Label `acro:OTP' overridden on input line 59.


[13

]
Package acronym Info: Label `acro:CPA' newly defined as it shall be overridden
although it is yet undefined on input line 90.
Package acronym Info: Label `acro:PRF' overridden on input line 90.

Overfull \hbox (1.16542pt too wide) in paragraph at lines 92--92
[]\OT1/cmr/bx/n/20.74 Chosen Plain-text At-tacks[] and Pseudo Ran-
 []



[14]

[15]

LaTeX Warning: File `drawings/ggm-tree.eps' not found on input line 223.

Package epstopdf Info: Source file: <drawings/ggm-tree.eps>
(epstopdf)             Output file: <drawings/ggm-tree-eps-converted-to.pdf>
(epstopdf)                    date: 2024-07-06 16:28:11
(epstopdf)                    size: 17050 bytes
(epstopdf)             Command: <repstopdf --outfile=drawings/ggm-tree-eps-converted-to.pdf drawings/ggm-tree.eps>
(epstopdf)             \includegraphics on input line 223.
Package epstopdf Info: Output file is already uptodate.
<drawings/ggm-tree-eps-converted-to.pdf, id=604, 433.62pt x 252.945pt>
File: drawings/ggm-tree-eps-converted-to.pdf Graphic file (type pdf)
<use drawings/ggm-tree-eps-converted-to.pdf>
Package pdftex.def Info: drawings/ggm-tree-eps-converted-to.pdf  used on input line 223.
(pdftex.def)             Requested size: 386.95897pt x 225.73788pt.
Package acronym Info: Label `acro:GGM' newly defined as it shall be overridden
although it is yet undefined on input line 228.
Package acronym Info: Label `acro:MAC' overridden on input line 280.


[16 <./drawings/ggm-tree-eps-converted-to.pdf>]
Package acronym Info: Label `acro:UFCMA' newly defined as it shall be overridden
although it is yet undefined on input line 289.
Package acronym Info: Label `acro:OWF' overridden on input line 321.
Package acronym Info: Label `acro:CRH' newly defined as it shall be overridden
although it is yet undefined on input line 337.
Package acronym Info: Label `acro:UHF' newly defined as it shall be overridden
although it is yet undefined on input line 341.
Package acronym Info: Label `acro:PU' newly defined as it shall be overridden
although it is yet undefined on input line 347.
Package acronym Info: Label `acro:AU' newly defined as it shall be overridden
although it is yet undefined on input line 348.


[17]
Package acronym Info: Label `acro:CBC' newly defined as it shall be overridden
although it is yet undefined on input line 425.


[18]

LaTeX Warning: File `drawings/cbc-mac.eps' not found on input line 433.

Package epstopdf Info: Source file: <drawings/cbc-mac.eps>
(epstopdf)             Output file: <drawings/cbc-mac-eps-converted-to.pdf>
(epstopdf)                    date: 2024-07-06 16:28:11
(epstopdf)                    size: 7356 bytes
(epstopdf)             Command: <repstopdf --outfile=drawings/cbc-mac-eps-converted-to.pdf drawings/cbc-mac.eps>
(epstopdf)             \includegraphics on input line 433.
Package epstopdf Info: Output file is already uptodate.
<drawings/cbc-mac-eps-converted-to.pdf, id=731, 289.08pt x 216.81pt>
File: drawings/cbc-mac-eps-converted-to.pdf Graphic file (type pdf)
<use drawings/cbc-mac-eps-converted-to.pdf>
Package pdftex.def Info: drawings/cbc-mac-eps-converted-to.pdf  used on input line 433.
(pdftex.def)             Requested size: 386.95897pt x 290.23607pt.
Package acronym Info: Label `acro:FIL' newly defined as it shall be overridden
although it is yet undefined on input line 462.
Package acronym Info: Label `acro:VIL' newly defined as it shall be overridden
although it is yet undefined on input line 463.


[19 <./drawings/cbc-mac-eps-converted-to.pdf>]
Package acronym Info: Label `acro:CCA' newly defined as it shall be overridden
although it is yet undefined on input line 493.
Package hyperref Info: bookmark level for unknown claim defaults to 0 on input line 511.
Package acronym Info: Label `acro:INT' newly defined as it shall be overridden
although it is yet undefined on input line 540.

Overfull \hbox (4.96927pt too wide) in paragraph at lines 548--551
\OT1/cmr/m/n/10 and the [][] $^^E[] = []$, with key space $\OMS/cmsy/m/n/10 K[]$\OT1/cmr/m/n/10 . We build the en-cryp-tion scheme $^^E[] = []$,
 []



[20]
Package acronym Info: Label `acro:SSH' newly defined as it shall be overridden
although it is yet undefined on input line 588.
Package acronym Info: Label `acro:TLS' newly defined as it shall be overridden
although it is yet undefined on input line 589.
Package acronym Info: Label `acro:PRP' newly defined as it shall be overridden
although it is yet undefined on input line 594.


LaTeX Warning: File `drawings/feistel.eps' not found on input line 606.

Package epstopdf Info: Source file: <drawings/feistel.eps>
(epstopdf)             Output file: <drawings/feistel-eps-converted-to.pdf>
(epstopdf)                    date: 2024-07-06 16:28:11
(epstopdf)                    size: 4360 bytes
(epstopdf)             Command: <repstopdf --outfile=drawings/feistel-eps-converted-to.pdf drawings/feistel.eps>
(epstopdf)             \includegraphics on input line 606.
Package epstopdf Info: Output file is already uptodate.
<drawings/feistel-eps-converted-to.pdf, id=893, 289.08pt x 144.54pt>
File: drawings/feistel-eps-converted-to.pdf Graphic file (type pdf)
<use drawings/feistel-eps-converted-to.pdf>
Package pdftex.def Info: drawings/feistel-eps-converted-to.pdf  used on input line 606.
(pdftex.def)             Requested size: 386.95897pt x 193.49069pt.


[21 <./drawings/feistel-eps-converted-to.pdf>]
Package acronym Info: Label `acro:ECB' newly defined as it shall be overridden
although it is yet undefined on input line 693.
Package acronym Info: Label `acro:CFB' newly defined as it shall be overridden
although it is yet undefined on input line 696.
Package acronym Info: Label `acro:CTR' newly defined as it shall be overridden
although it is yet undefined on input line 701.


[22]

[23]
Package acronym Info: Label `acro:CR' newly defined as it shall be overridden
although it is yet undefined on input line 772.


LaTeX Warning: File `drawings/merkle-damgard.eps' not found on input line 783.

Package epstopdf Info: Source file: <drawings/merkle-damgard.eps>
(epstopdf)             Output file: <drawings/merkle-damgard-eps-converted-to.pdf>
(epstopdf)                    date: 2024-07-06 16:28:11
(epstopdf)                    size: 9933 bytes
(epstopdf)             Command: <repstopdf --outfile=drawings/merkle-damgard-eps-converted-to.pdf drawings/merkle-damgard.eps>
(epstopdf)             \includegraphics on input line 783.
Package epstopdf Info: Output file is already uptodate.
<drawings/merkle-damgard-eps-converted-to.pdf, id=985, 397.485pt x 126.4725pt>
File: drawings/merkle-damgard-eps-converted-to.pdf Graphic file (type pdf)
<use drawings/merkle-damgard-eps-converted-to.pdf>
Package pdftex.def Info: drawings/merkle-damgard-eps-converted-to.pdf  used on input line 783.
(pdftex.def)             Requested size: 386.95897pt x 123.1278pt.
Package acronym Info: Label `acro:MD' newly defined as it shall be overridden
although it is yet undefined on input line 796.
Package acronym Info: Label `acro:ICM' newly defined as it shall be overridden
although it is yet undefined on input line 840.


[24 <./drawings/merkle-damgard-eps-converted-to.pdf>]
Package acronym Info: Label `acro:CFP' newly defined as it shall be overridden
although it is yet undefined on input line 893.


[25]
Package acronym Info: Label `acro:RO' newly defined as it shall be overridden
although it is yet undefined on input line 956.
)

[26] (./number-theory.tex
Chapter 4.


[27

]
Package acronym Info: Label `acro:OWF' overridden on input line 107.
Package acronym Info: Label `acro:NIST' newly defined as it shall be overridden
although it is yet undefined on input line 108.
Package acronym Info: Label `acro:DL' newly defined as it shall be overridden
although it is yet undefined on input line 155.
Package acronym Info: Label `acro:PPT' overridden on input line 155.


[28]
Package acronym Info: Label `acro:OWP' overridden on input line 183.
Package acronym Info: Label `acro:CDH' newly defined as it shall be overridden
although it is yet undefined on input line 187.

Overfull \hbox (4.97026pt too wide) in paragraph at lines 186--188
[]\OT1/cmr/bx/n/10 Definition 21 \OT1/cmr/m/n/10 (Com-pu-ta-tional Diffie-Hell-man[][])\OT1/cmr/bx/n/10 . []\OT1/cmr/m/n/10 In-tu-itively, given $(\OML/cmm/m/it/10 g; g[]; g[]\OT1/cmr/m/n/10 )$, it's hard to find $\OML/cmm/m/it/10 g[]$\OT1/cmr/m/n/10 . [][][][]Computational
 []

Package hyperref Info: bookmark level for unknown observation defaults to 0 on input line 200.
Package acronym Info: Label `acro:DDH' newly defined as it shall be overridden
although it is yet undefined on input line 215.
Package hyperref Info: bookmark level for unknown proposition defaults to 0 on input line 233.


[29]
Package acronym Info: Label `acro:PRG' overridden on input line 285.
Package acronym Info: Label `acro:PRF' overridden on input line 338.


Package hyperref Warning: Token not allowed in a PDF string (Unicode):
(hyperref)                removing `\@acp' on input line 338.

Package acronym Info: Label `acro:GGM' overridden on input line 351.


[30]
Package acronym Info: Label `acro:CFP' overridden on input line 375.
)

[31] (./pke.tex
Chapter 5.
Package acronym Info: Label `acro:AES' newly defined as it shall be overridden
although it is yet undefined on input line 6.
Package acronym Info: Label `acro:PKE' newly defined as it shall be overridden
although it is yet undefined on input line 9.
Package acronym Info: Label `acro:CPA' overridden on input line 24.
Package acronym Info: Label `acro:CCA' overridden on input line 24.
Package acronym Info: Label `acro:PPT' overridden on input line 56.


[32

]
Package acronym Info: Label `acro:DDH' overridden on input line 84.
Package acronym Info: Label `acro:RSA' newly defined as it shall be overridden
although it is yet undefined on input line 137.
Package acronym Info: Label `acro:TDP' newly defined as it shall be overridden
although it is yet undefined on input line 138.


[33]
Package acronym Info: Label `acro:DL' overridden on input line 194.
Package acronym Info: Label `acro:RO' overridden on input line 195.


[34]

LaTeX Warning: File `drawings/oaep.eps' not found on input line 270.

Package epstopdf Info: Source file: <drawings/oaep.eps>
(epstopdf)             Output file: <drawings/oaep-eps-converted-to.pdf>
(epstopdf)                    date: 2024-07-06 16:28:11
(epstopdf)                    size: 7711 bytes
(epstopdf)             Command: <repstopdf --outfile=drawings/oaep-eps-converted-to.pdf drawings/oaep.eps>
(epstopdf)             \includegraphics on input line 270.
Package epstopdf Info: Output file is already uptodate.
<drawings/oaep-eps-converted-to.pdf, id=1375, 303.1325pt x 289.08pt>
File: drawings/oaep-eps-converted-to.pdf Graphic file (type pdf)
<use drawings/oaep-eps-converted-to.pdf>
Package pdftex.def Info: drawings/oaep-eps-converted-to.pdf  used on input line 270.
(pdftex.def)             Requested size: 386.95897pt x 369.02866pt.
Package acronym Info: Label `acro:OAEP' newly defined as it shall be overridden
although it is yet undefined on input line 274.


[35 <./drawings/oaep-eps-converted-to.pdf>]
Package acronym Info: Label `acro:CRT' newly defined as it shall be overridden
although it is yet undefined on input line 297.
Package acronym Info: Label `acro:CS' newly defined as it shall be overridden
although it is yet undefined on input line 396.


[36]

[37]

[38]
Package acronym Info: Label `acro:CRH' overridden on input line 635.


[39])

[40] (./signature-schemes.tex
Chapter 6.
Package acronym Info: Label `acro:SS' newly defined as it shall be overridden
although it is yet undefined on input line 4.
Package acronym Info: Label `acro:MAC' overridden on input line 5.
Package acronym Info: Label `acro:UFCMA' overridden on input line 35.
Package acronym Info: Label `acro:PPT' overridden on input line 35.
Package acronym Info: Label `acro:IBE' newly defined as it shall be overridden
although it is yet undefined on input line 43.
Package acronym Info: Label `acro:RSA' overridden on input line 45.
Package acronym Info: Label `acro:RO' overridden on input line 68.
Package acronym Info: Label `acro:TDP' overridden on input line 71.


[41

]
Package acronym Info: Label `acro:OWF' overridden on input line 127.
Package acronym Info: Label `acro:CDH' overridden on input line 133.


[42]
Package acronym Info: Label `acro:DDH' overridden on input line 154.
Package acronym Info: Label `acro:WSS' newly defined as it shall be overridden
although it is yet undefined on input line 182.


[43]

[44]
Package acronym Info: Label `acro:IDS' newly defined as it shall be overridden
although it is yet undefined on input line 350.


[45]
Overfull \hbox (25.09937pt too wide) in paragraph at lines 415--418
[]\OT1/cmr/bx/n/10 Construction 24 \OT1/cmr/m/n/10 (Fi-at-Shamir Trans-form)\OT1/cmr/bx/n/10 . []\OT1/cmr/m/n/10 Let $^^E = ([]\OML/cmm/m/it/10 ; \OMS/cmsy/m/n/10 P\OML/cmm/m/it/10 ; \OMS/cmsy/m/n/10 V\OT1/cmr/m/n/10 )$ be an [][]. Con-sider the [][] $^^E[] = ([]\OML/cmm/m/it/10 ; []; []\OT1/cmr/m/n/10 )$
 []



[46]
Package acronym Info: Label `acro:HVZK' newly defined as it shall be overridden
although it is yet undefined on input line 482.
Package acronym Info: Label `acro:SP' newly defined as it shall be overridden
although it is yet undefined on input line 512.
Package acronym Info: Label `acro:PS' newly defined as it shall be overridden
although it is yet undefined on input line 525.
Package acronym Info: Label `acro:RV' overridden on input line 544.


[47]
Package acronym Info: Label `acro:DL' overridden on input line 604.
)

[48]) (./acronyms.tex

LaTeX Warning: Hyper reference `acro:DH' on page 49 undefined on input line 17.


LaTeX Warning: Hyper reference `acro:DH' on page 49 undefined on input line 17.



[49])

[50] (./root.aux)
 ***********
LaTeX2e <2024-06-01> patch level 2
L3 programming layer <2024-05-27>
 ***********


LaTeX Warning: There were undefined references.


LaTeX Warning: There were multiply-defined labels.

Package rerunfilecheck Info: File `root.out' has not changed.
(rerunfilecheck)             Checksum: 00F06FDDC7082657548D1D1092630A9B;6029.
 ) 
Here is how much of TeX's memory you used:
 33002 strings out of 473584
 610041 string characters out of 5728329
 1955905 words of memory out of 5000000
 54640 multiletter control sequences out of 15000+600000
 577622 words of font info for 82 fonts, out of 8000000 for 9000
 1141 hyphenation exceptions out of 8191
 83i,19n,93p,860b,822s stack positions out of 10000i,1000n,20000p,200000b,200000s
</usr/local/texlive/2024/texmf-dist/fonts/type1/public/amsfonts/cm/cmbx10.pfb></usr/local/texlive/2024/texmf-dist/fonts/type1/public/amsfonts/cm/cmbx12.pfb></usr/local/texlive/2024/texmf-dist/fonts/type1/public/amsfonts/cm/cmex10.pfb></usr/local/texlive/2024/texmf-dist/fonts/type1/public/amsfonts/cmextra/cmex7.pfb></usr/local/texlive/2024/texmf-dist/fonts/type1/public/amsfonts/cm/cmmi10.pfb></usr/local/texlive/2024/texmf-dist/fonts/type1/public/amsfonts/cm/cmmi5.pfb></usr/local/texlive/2024/texmf-dist/fonts/type1/public/amsfonts/cm/cmmi7.pfb></usr/local/texlive/2024/texmf-dist/fonts/type1/public/amsfonts/cm/cmmi8.pfb></usr/local/texlive/2024/texmf-dist/fonts/type1/public/amsfonts/cm/cmr10.pfb></usr/local/texlive/2024/texmf-dist/fonts/type1/public/amsfonts/cm/cmr12.pfb></usr/local/texlive/2024/texmf-dist/fonts/type1/public/amsfonts/cm/cmr5.pfb></usr/local/texlive/2024/texmf-dist/fonts/type1/public/amsfonts/cm/cmr6.pfb></usr/local/texlive/2024/texmf-dist/fonts/type1/public/amsfonts/cm/cmr7.pfb></usr/local/texlive/2024/texmf-dist/fonts/type1/public/amsfonts/cm/cmr8.pfb></usr/local/texlive/2024/texmf-dist/fonts/type1/public/amsfonts/cm/cmsy10.pfb></usr/local/texlive/2024/texmf-dist/fonts/type1/public/amsfonts/cm/cmsy5.pfb></usr/local/texlive/2024/texmf-dist/fonts/type1/public/amsfonts/cm/cmsy6.pfb></usr/local/texlive/2024/texmf-dist/fonts/type1/public/amsfonts/cm/cmsy7.pfb></usr/local/texlive/2024/texmf-dist/fonts/type1/public/amsfonts/cm/cmsy8.pfb></usr/local/texlive/2024/texmf-dist/fonts/type1/public/amsfonts/cm/cmti10.pfb></usr/local/texlive/2024/texmf-dist/fonts/type1/public/amsfonts/cm/cmti7.pfb></usr/local/texlive/2024/texmf-dist/fonts/type1/public/amsfonts/latxfont/line10.pfb></usr/local/texlive/2024/texmf-dist/fonts/type1/public/amsfonts/symbols/msam10.pfb></usr/local/texlive/2024/texmf-dist/fonts/type1/public/amsfonts/symbols/msbm10.pfb></usr/local/texlive/2024/texmf-dist/fonts/type1/public/amsfonts/symbols/msbm7.pfb></usr/local/texlive/2024/texmf-dist/fonts/type1/public/tex-gyre/qagr.pfb></usr/local/texlive/2024/texmf-dist/fonts/type1/public/cm-super/sfrm1000.pfb>
Output written on root.pdf (50 pages, 859173 bytes).
PDF statistics:
 2149 PDF objects out of 2487 (max. 8388607)
 1987 compressed objects within 20 object streams
 716 named destinations out of 1000 (max. 500000)
 322 words of extra memory for PDF output out of 10000 (max. 10000000)

